2020/04/18 = [RMI TCP Connection(72)-127.0.0.1] =INFO  = o.s.b.a.SpringApplicationAdminMXBeanRegistrar$SpringApplicationAdmin = Application shutdown requested.
2020/04/18 = [RMI TCP Connection(72)-127.0.0.1] =INFO  = o.s.scheduling.concurrent.ThreadPoolTaskExecutor = Shutting down ExecutorService 'applicationTaskExecutor'
2020/04/18 = [main] =INFO  = com.coffee.RabbitMqLombokApplication = Starting RabbitMqLombokApplication on JPXUIPMY11S3CE7 with PID 19820 (D:\springboot2020\coffeeliu-boot\06\rabbit-mq-lombok\target\classes started by Administrator in D:\springboot2020\coffeeliu-boot\06\rabbit-mq-lombok)
2020/04/18 = [main] =DEBUG = com.coffee.RabbitMqLombokApplication = Running with Spring Boot v2.2.6.RELEASE, Spring v5.2.5.RELEASE
2020/04/18 = [main] =INFO  = com.coffee.RabbitMqLombokApplication = No active profile set, falling back to default profiles: default
2020/04/18 = [main] =INFO  = o.s.boot.web.embedded.tomcat.TomcatWebServer = Tomcat initialized with port(s): 8080 (http)
2020/04/18 = [main] =INFO  = org.apache.catalina.core.StandardService = Starting service [Tomcat]
2020/04/18 = [main] =INFO  = org.apache.catalina.core.StandardEngine = Starting Servlet engine: [Apache Tomcat/9.0.33]
2020/04/18 = [main] =INFO  = o.a.c.core.ContainerBase.[Tomcat].[localhost].[/] = Initializing Spring embedded WebApplicationContext
2020/04/18 = [main] =INFO  = org.springframework.web.context.ContextLoader = Root WebApplicationContext: initialization completed in 612 ms
2020/04/18 = [main] =INFO  = o.s.scheduling.concurrent.ThreadPoolTaskExecutor = Initializing ExecutorService 'applicationTaskExecutor'
2020/04/18 = [main] =INFO  = o.s.boot.web.embedded.tomcat.TomcatWebServer = Tomcat started on port(s): 8080 (http) with context path ''
2020/04/18 = [main] =INFO  = com.coffee.RabbitMqLombokApplication = Started RabbitMqLombokApplication in 1.129 seconds (JVM running for 1.706)
2020/04/18 = [http-nio-8080-exec-1] =INFO  = o.a.c.core.ContainerBase.[Tomcat].[localhost].[/] = Initializing Spring DispatcherServlet 'dispatcherServlet'
2020/04/18 = [http-nio-8080-exec-1] =INFO  = org.springframework.web.servlet.DispatcherServlet = Initializing Servlet 'dispatcherServlet'
2020/04/18 = [http-nio-8080-exec-1] =INFO  = org.springframework.web.servlet.DispatcherServlet = Completed initialization in 5 ms
2020/04/18 = [http-nio-8080-exec-4] =TRACE = com.coffee.UserController = User(name=liuwei, age=18, score=30.1, tags=[liu, User.Exercise(name=liuT, value=40)])
2020/04/18 = [RMI TCP Connection(18)-127.0.0.1] =INFO  = o.s.b.a.SpringApplicationAdminMXBeanRegistrar$SpringApplicationAdmin = Application shutdown requested.
2020/04/18 = [RMI TCP Connection(18)-127.0.0.1] =INFO  = o.s.scheduling.concurrent.ThreadPoolTaskExecutor = Shutting down ExecutorService 'applicationTaskExecutor'
2020/04/18 = [main] =INFO  = com.coffee.RabbitMqLombokApplication = Starting RabbitMqLombokApplication on JPXUIPMY11S3CE7 with PID 7236 (D:\springboot2020\coffeeliu-boot\06\rabbit-mq-lombok\target\classes started by Administrator in D:\springboot2020\coffeeliu-boot\06\rabbit-mq-lombok)
2020/04/18 = [main] =DEBUG = com.coffee.RabbitMqLombokApplication = Running with Spring Boot v2.2.6.RELEASE, Spring v5.2.5.RELEASE
2020/04/18 = [main] =INFO  = com.coffee.RabbitMqLombokApplication = No active profile set, falling back to default profiles: default
2020/04/18 = [main] =INFO  = o.s.boot.web.embedded.tomcat.TomcatWebServer = Tomcat initialized with port(s): 8080 (http)
2020/04/18 = [main] =INFO  = org.apache.catalina.core.StandardService = Starting service [Tomcat]
2020/04/18 = [main] =INFO  = org.apache.catalina.core.StandardEngine = Starting Servlet engine: [Apache Tomcat/9.0.33]
2020/04/18 = [main] =INFO  = o.a.c.core.ContainerBase.[Tomcat].[localhost].[/] = Initializing Spring embedded WebApplicationContext
2020/04/18 = [main] =INFO  = org.springframework.web.context.ContextLoader = Root WebApplicationContext: initialization completed in 594 ms
2020/04/18 = [main] =INFO  = o.s.scheduling.concurrent.ThreadPoolTaskExecutor = Initializing ExecutorService 'applicationTaskExecutor'
2020/04/18 = [main] =INFO  = o.s.boot.web.embedded.tomcat.TomcatWebServer = Tomcat started on port(s): 8080 (http) with context path ''
2020/04/18 = [main] =INFO  = com.coffee.RabbitMqLombokApplication = Started RabbitMqLombokApplication in 1.114 seconds (JVM running for 1.688)
2020/04/18 = [http-nio-8080-exec-1] =INFO  = o.a.c.core.ContainerBase.[Tomcat].[localhost].[/] = Initializing Spring DispatcherServlet 'dispatcherServlet'
2020/04/18 = [http-nio-8080-exec-1] =INFO  = org.springframework.web.servlet.DispatcherServlet = Initializing Servlet 'dispatcherServlet'
2020/04/18 = [http-nio-8080-exec-1] =INFO  = org.springframework.web.servlet.DispatcherServlet = Completed initialization in 4 ms
2020/04/18 = [http-nio-8080-exec-1] =TRACE = com.coffee.UserController = User(name=liuwei, age=18, score=30.1, tags=[liu, User.Exercise(name=liuT, value=40)])
2020/04/18 = [http-nio-8080-exec-2] =TRACE = com.coffee.UserController = User(name=liuwei, age=18, score=30.1, tags=[liu, User.Exercise(name=liuT, value=40)])
2020/04/18 = [RMI TCP Connection(10)-127.0.0.1] =INFO  = o.s.b.a.SpringApplicationAdminMXBeanRegistrar$SpringApplicationAdmin = Application shutdown requested.
2020/04/18 = [RMI TCP Connection(10)-127.0.0.1] =INFO  = o.s.scheduling.concurrent.ThreadPoolTaskExecutor = Shutting down ExecutorService 'applicationTaskExecutor'
2020/04/18 = [main] =INFO  = com.coffee.RabbitMqLombokApplication = Starting RabbitMqLombokApplication on JPXUIPMY11S3CE7 with PID 13184 (D:\springboot2020\coffeeliu-boot\06\rabbit-mq-lombok\target\classes started by Administrator in D:\springboot2020\coffeeliu-boot\06\rabbit-mq-lombok)
2020/04/18 = [main] =DEBUG = com.coffee.RabbitMqLombokApplication = Running with Spring Boot v2.2.6.RELEASE, Spring v5.2.5.RELEASE
2020/04/18 = [main] =INFO  = com.coffee.RabbitMqLombokApplication = No active profile set, falling back to default profiles: default
2020/04/18 = [main] =INFO  = o.s.boot.web.embedded.tomcat.TomcatWebServer = Tomcat initialized with port(s): 8080 (http)
2020/04/18 = [main] =INFO  = org.apache.catalina.core.StandardService = Starting service [Tomcat]
2020/04/18 = [main] =INFO  = org.apache.catalina.core.StandardEngine = Starting Servlet engine: [Apache Tomcat/9.0.33]
2020/04/18 = [main] =INFO  = o.a.c.core.ContainerBase.[Tomcat].[localhost].[/] = Initializing Spring embedded WebApplicationContext
2020/04/18 = [main] =INFO  = org.springframework.web.context.ContextLoader = Root WebApplicationContext: initialization completed in 696 ms
2020/04/18 = [main] =INFO  = o.s.scheduling.concurrent.ThreadPoolTaskExecutor = Initializing ExecutorService 'applicationTaskExecutor'
2020/04/18 = [main] =INFO  = o.s.boot.web.embedded.tomcat.TomcatWebServer = Tomcat started on port(s): 8080 (http) with context path ''
2020/04/18 = [main] =INFO  = com.coffee.RabbitMqLombokApplication = Started RabbitMqLombokApplication in 1.267 seconds (JVM running for 1.929)
2020/04/18 = [http-nio-8080-exec-1] =INFO  = o.a.c.core.ContainerBase.[Tomcat].[localhost].[/] = Initializing Spring DispatcherServlet 'dispatcherServlet'
2020/04/18 = [http-nio-8080-exec-1] =INFO  = org.springframework.web.servlet.DispatcherServlet = Initializing Servlet 'dispatcherServlet'
2020/04/18 = [http-nio-8080-exec-1] =INFO  = org.springframework.web.servlet.DispatcherServlet = Completed initialization in 4 ms
2020/04/18 = [http-nio-8080-exec-1] =TRACE = com.coffee.UserController = User(name=liuwei, age=18, score=30.1, tags=[liu, User.Exercise(name=liuT, value=40)])
2020/04/18 = [http-nio-8080-exec-2] =TRACE = com.coffee.UserController = User(name=liuwei, age=18, score=30.1, tags=[liu, User.Exercise(name=liuT, value=40)])
2020/04/18 = [http-nio-8080-exec-3] =TRACE = com.coffee.UserController = User(name=liuwei, age=18, score=30.1, tags=[liu, User.Exercise(name=liuT, value=40)])
2020/04/18 = [http-nio-8080-exec-4] =TRACE = com.coffee.UserController = User(name=liuwei, age=18, score=30.1, tags=[liu, User.Exercise(name=liuT, value=40)])
2020/04/18 = [RMI TCP Connection(22)-127.0.0.1] =INFO  = o.s.b.a.SpringApplicationAdminMXBeanRegistrar$SpringApplicationAdmin = Application shutdown requested.
2020/04/18 = [RMI TCP Connection(22)-127.0.0.1] =INFO  = o.s.scheduling.concurrent.ThreadPoolTaskExecutor = Shutting down ExecutorService 'applicationTaskExecutor'
