2020-05-02 12:37:35.022|main|INFO ||SpringApplication#logStartupProfileInfo:651|No active profile set, falling back to default profiles: default
2020-05-02 12:37:35.570|main|WARN ||EndpointId#logWarning:155|Endpoint ID 'service-registry' contains invalid characters, please migrate to a valid format.
2020-05-02 12:37:35.649|main|INFO ||GenericScope#setSerializationId:295|BeanFactory id=f6725852-da0a-398f-9208-1e61afdf5070
2020-05-02 12:37:35.889|main|INFO ||TomcatWebServer#initialize:92|Tomcat initialized with port(s): 9090 (http)
2020-05-02 12:37:35.896|main|INFO ||DirectJDKLog#log:173|Initializing ProtocolHandler ["http-nio-9090"]
2020-05-02 12:37:35.897|main|INFO ||DirectJDKLog#log:173|Starting service [Tomcat]
2020-05-02 12:37:35.897|main|INFO ||DirectJDKLog#log:173|Starting Servlet engine: [Apache Tomcat/9.0.33]
2020-05-02 12:37:35.980|main|INFO ||DirectJDKLog#log:173|Initializing Spring embedded WebApplicationContext
2020-05-02 12:37:35.980|main|INFO ||ServletWebServerApplicationContext#prepareWebApplicationContext:284|Root WebApplicationContext: initialization completed in 945 ms
2020-05-02 12:37:36.043|main|WARN ||URLConfigurationSource#<init>:121|No URLs will be polled as dynamic configuration sources.
2020-05-02 12:37:36.044|main|INFO ||URLConfigurationSource#<init>:122|To enable URLs as dynamic configuration sources, define System property archaius.configurationSource.additionalUrls or make config.properties available on classpath.
2020-05-02 12:37:36.050|main|INFO ||DynamicPropertyFactory#getInstance:281|DynamicPropertyFactory is initialized with configuration sources: com.netflix.config.ConcurrentCompositeConfiguration@4a14c44f
2020-05-02 12:37:36.638|main|WARN ||URLConfigurationSource#<init>:121|No URLs will be polled as dynamic configuration sources.
2020-05-02 12:37:36.638|main|INFO ||URLConfigurationSource#<init>:122|To enable URLs as dynamic configuration sources, define System property archaius.configurationSource.additionalUrls or make config.properties available on classpath.
2020-05-02 12:37:36.788|main|INFO ||ExecutorConfigurationSupport#initialize:181|Initializing ExecutorService 'applicationTaskExecutor'
2020-05-02 12:37:37.363|main|WARN ||BlockingLoadBalancerClientAutoConfiguration$BlockingLoadBalancerClientRibbonWarnLogger#logWarning:86|You already have RibbonLoadBalancerClient on your classpath. It will be used by default. As Spring Cloud Ribbon is in maintenance mode. We recommend switching to BlockingLoadBalancerClient instead. In order to use it, set the value of `spring.cloud.loadbalancer.ribbon.enabled` to `false` or remove spring-cloud-starter-netflix-ribbon from your project.
2020-05-02 12:37:37.391|main|INFO ||EndpointLinksResolver#<init>:58|Exposing 3 endpoint(s) beneath base path ''
2020-05-02 12:37:37.456|main|INFO ||InstanceInfoFactory#create:72|Setting initial instance status as: STARTING
2020-05-02 12:37:37.487|main|INFO ||DiscoveryClient#<init>:368|Initializing Eureka in region us-east-1
2020-05-02 12:37:37.817|main|INFO ||DiscoveryJerseyProvider#<init>:70|Using JSON encoding codec LegacyJacksonJson
2020-05-02 12:37:37.818|main|INFO ||DiscoveryJerseyProvider#<init>:71|Using JSON decoding codec LegacyJacksonJson
2020-05-02 12:37:37.906|main|INFO ||DiscoveryJerseyProvider#<init>:80|Using XML encoding codec XStreamXml
2020-05-02 12:37:37.906|main|INFO ||DiscoveryJerseyProvider#<init>:81|Using XML decoding codec XStreamXml
2020-05-02 12:37:38.051|main|INFO ||ConfigClusterResolver#getClusterEndpoints:43|Resolving eureka endpoints via configuration
2020-05-02 12:37:38.186|main|INFO ||DiscoveryClient#fetchRegistry:981|Disable delta property : false
2020-05-02 12:37:38.186|main|INFO ||DiscoveryClient#fetchRegistry:982|Single vip registry refresh property : null
2020-05-02 12:37:38.187|main|INFO ||DiscoveryClient#fetchRegistry:983|Force full registry fetch : false
2020-05-02 12:37:38.187|main|INFO ||DiscoveryClient#fetchRegistry:984|Application is null : false
2020-05-02 12:37:38.187|main|INFO ||DiscoveryClient#fetchRegistry:985|Registered Applications size is zero : true
2020-05-02 12:37:38.187|main|INFO ||DiscoveryClient#fetchRegistry:987|Application version is -1: true
2020-05-02 12:37:38.187|main|INFO ||DiscoveryClient#getAndStoreFullRegistry:1070|Getting all instance registry info from the eureka server
2020-05-02 12:37:38.409|main|INFO ||DiscoveryClient#getAndStoreFullRegistry:1079|The response status is 200
2020-05-02 12:37:38.412|main|INFO ||DiscoveryClient#initScheduledTasks:1294|Starting heartbeat executor: renew interval is: 30
2020-05-02 12:37:38.413|main|INFO ||InstanceInfoReplicator#<init>:60|InstanceInfoReplicator onDemand update allowed rate per min is 4
2020-05-02 12:37:38.417|main|INFO ||DiscoveryClient#<init>:468|Discovery Client initialized at timestamp 1588394258416 with initial instances count: 3
2020-05-02 12:37:38.419|main|INFO ||EurekaServiceRegistry#register:41|Registering application EUREKA-PROVIDER with eureka with status UP
2020-05-02 12:37:38.419|main|INFO ||DiscoveryClient$3#notify:1330|Saw local status change event StatusChangeEvent [timestamp=1588394258419, current=UP, previous=STARTING]
2020-05-02 12:37:38.421|DiscoveryClient-InstanceInfoReplicator-0|INFO ||DiscoveryClient#register:847|DiscoveryClient_EUREKA-PROVIDER/JPXUIPMY11S3CE7:eureka-provider:9090: registering service...
2020-05-02 12:37:38.445|main|INFO ||DirectJDKLog#log:173|Starting ProtocolHandler ["http-nio-9090"]
2020-05-02 12:37:38.460|DiscoveryClient-InstanceInfoReplicator-0|INFO ||DiscoveryClient#register:856|DiscoveryClient_EUREKA-PROVIDER/JPXUIPMY11S3CE7:eureka-provider:9090 - registration status: 204
2020-05-02 12:37:38.469|main|INFO ||TomcatWebServer#start:204|Tomcat started on port(s): 9090 (http) with context path ''
2020-05-02 12:37:38.470|main|INFO ||EurekaAutoServiceRegistration#onApplicationEvent:145|Updating port to 9090
2020-05-02 12:37:38.743|main|INFO ||StartupInfoLogger#logStarted:61|Started EurekaApplication in 4.749 seconds (JVM running for 5.448)
2020-05-02 12:37:39.960|RMI TCP Connection(3)-127.0.0.1|INFO ||DirectJDKLog#log:173|Initializing Spring DispatcherServlet 'dispatcherServlet'
2020-05-02 12:37:39.961|RMI TCP Connection(3)-127.0.0.1|INFO ||FrameworkServlet#initServletBean:525|Initializing Servlet 'dispatcherServlet'
2020-05-02 12:37:39.965|RMI TCP Connection(3)-127.0.0.1|INFO ||FrameworkServlet#initServletBean:547|Completed initialization in 4 ms
2020-05-02 12:38:13.744|http-nio-9090-exec-1|INFO ||ChainedDynamicProperty$ChainLink#checkAndFlip:115|Flipping property: eureka-provider.ribbon.ActiveConnectionsLimit to use NEXT property: niws.loadbalancer.availabilityFilteringRule.activeConnectionsLimit = 2147483647
2020-05-02 12:38:13.774|http-nio-9090-exec-1|INFO ||ShutdownEnabledTimer#<init>:58|Shutdown hook installed for: NFLoadBalancer-PingTimer-eureka-provider
2020-05-02 12:38:13.774|http-nio-9090-exec-1|INFO ||BaseLoadBalancer#initWithConfig:197|Client: eureka-provider instantiated a LoadBalancer: DynamicServerListLoadBalancer:{NFLoadBalancer:name=eureka-provider,current list of Servers=[],Load balancer stats=Zone stats: {},Server stats: []}ServerList:null
2020-05-02 12:38:13.780|http-nio-9090-exec-1|INFO ||DynamicServerListLoadBalancer#enableAndInitLearnNewServersFeature:222|Using serverListUpdater PollingServerListUpdater
2020-05-02 12:38:13.799|http-nio-9090-exec-1|INFO ||ChainedDynamicProperty$ChainLink#checkAndFlip:115|Flipping property: eureka-provider.ribbon.ActiveConnectionsLimit to use NEXT property: niws.loadbalancer.availabilityFilteringRule.activeConnectionsLimit = 2147483647
2020-05-02 12:38:13.801|http-nio-9090-exec-1|INFO ||DynamicServerListLoadBalancer#restOfInit:150|DynamicServerListLoadBalancer for client eureka-provider initialized: DynamicServerListLoadBalancer:{NFLoadBalancer:name=eureka-provider,current list of Servers=[192.168.1.129:9090, 192.168.1.129:8081],Load balancer stats=Zone stats: {defaultzone=[Zone:defaultzone;	Instance count:2;	Active connections count: 0;	Circuit breaker tripped count: 0;	Active connections per server: 0.0;]
},Server stats: [[Server:192.168.1.129:8081;	Zone:defaultZone;	Total Requests:0;	Successive connection failure:0;	Total blackout seconds:0;	Last connection made:Thu Jan 01 08:00:00 CST 1970;	First connection made: Thu Jan 01 08:00:00 CST 1970;	Active Connections:0;	total failure count in last (1000) msecs:0;	average resp time:0.0;	90 percentile resp time:0.0;	95 percentile resp time:0.0;	min resp time:0.0;	max resp time:0.0;	stddev resp time:0.0]
, [Server:192.168.1.129:9090;	Zone:defaultZone;	Total Requests:0;	Successive connection failure:0;	Total blackout seconds:0;	Last connection made:Thu Jan 01 08:00:00 CST 1970;	First connection made: Thu Jan 01 08:00:00 CST 1970;	Active Connections:0;	total failure count in last (1000) msecs:0;	average resp time:0.0;	90 percentile resp time:0.0;	95 percentile resp time:0.0;	min resp time:0.0;	max resp time:0.0;	stddev resp time:0.0]
]}ServerList:org.springframework.cloud.netflix.ribbon.eureka.DomainExtractingServerList@510699c7
2020-05-02 12:38:14.783|PollingServerListUpdater-0|INFO ||ChainedDynamicProperty$ChainLink#checkAndFlip:115|Flipping property: eureka-provider.ribbon.ActiveConnectionsLimit to use NEXT property: niws.loadbalancer.availabilityFilteringRule.activeConnectionsLimit = 2147483647
2020-05-02 12:42:38.194|AsyncResolver-bootstrap-executor-0|INFO ||ConfigClusterResolver#getClusterEndpoints:43|Resolving eureka endpoints via configuration
2020-05-02 12:47:38.200|AsyncResolver-bootstrap-executor-0|INFO ||ConfigClusterResolver#getClusterEndpoints:43|Resolving eureka endpoints via configuration
2020-05-02 12:47:45.585|RMI TCP Connection(19)-127.0.0.1|INFO ||SpringApplicationAdminMXBeanRegistrar$SpringApplicationAdmin#shutdown:159|Application shutdown requested.
2020-05-02 12:47:45.585|RMI TCP Connection(19)-127.0.0.1|INFO ||EurekaServiceRegistry#deregister:65|Unregistering application EUREKA-PROVIDER with eureka with status DOWN
2020-05-02 12:47:45.585|RMI TCP Connection(19)-127.0.0.1|WARN ||DiscoveryClient$3#notify:1328|Saw local status change event StatusChangeEvent [timestamp=1588394865585, current=DOWN, previous=UP]
2020-05-02 12:47:45.586|DiscoveryClient-InstanceInfoReplicator-0|INFO ||DiscoveryClient#register:847|DiscoveryClient_EUREKA-PROVIDER/JPXUIPMY11S3CE7:eureka-provider:9090: registering service...
2020-05-02 12:47:45.590|RMI TCP Connection(19)-127.0.0.1|INFO ||ExecutorConfigurationSupport#shutdown:218|Shutting down ExecutorService 'applicationTaskExecutor'
2020-05-02 12:47:45.593|RMI TCP Connection(19)-127.0.0.1|INFO ||ShutdownEnabledTimer#cancel:67|Shutdown hook removed for: NFLoadBalancer-PingTimer-eureka-provider
2020-05-02 12:47:45.599|DiscoveryClient-InstanceInfoReplicator-0|INFO ||DiscoveryClient#register:856|DiscoveryClient_EUREKA-PROVIDER/JPXUIPMY11S3CE7:eureka-provider:9090 - registration status: 204
2020-05-02 12:47:45.601|RMI TCP Connection(19)-127.0.0.1|INFO ||DiscoveryClient#shutdown:909|Shutting down DiscoveryClient ...
